<?xml version="1.0" encoding="UTF-8"?>
<testsuite xmlns:xsi="http://www.w3.org/2001/XMLSchema-instance" xsi:noNamespaceSchemaLocation="https://maven.apache.org/surefire/maven-surefire-plugin/xsd/surefire-test-report-3.0.xsd" version="3.0" name="TestSuite" time="14.388" tests="2" errors="0" skipped="0" failures="1">
  <properties>
[...]
</properties>
  <testcase name="runScenario[&quot;Search Experience for product search in both home and Offers page&quot;, &quot;Optional[Search and Place the order for Products]&quot;](1)" classname="cucumberOptions.TestNGTestRunner" time="11.893">
    <system-out><![CDATA[null is extracted from Home page
null is extracted from Home page
]]></system-out>
    <system-err><![CDATA[SLF4J(W): No SLF4J providers were found.
SLF4J(W): Defaulting to no-operation (NOP) logger implementation
SLF4J(W): See https://www.slf4j.org/codes.html#noProviders for further details.
Dec 09, 2024 9:38:32 PM org.openqa.selenium.devtools.CdpVersionFinder findNearestMatch
WARNING: Unable to find an exact match for CDP version 131, returning the closest version; found: 130; Please update to a Selenium version that supports CDP version 131
Dec 09, 2024 9:38:32 PM org.openqa.selenium.devtools.CdpVersionFinder findNearestMatch
WARNING: Unable to find an exact match for CDP version 131, returning the closest version; found: 130; Please update to a Selenium version that supports CDP version 131
]]></system-err>
  </testcase>
  <testcase name="runScenario[&quot;Search Experience for product search in both home and Offers page&quot;, &quot;Optional[Search and Place the order for Products]&quot;](2)" classname="cucumberOptions.TestNGTestRunner" time="12.076">
    <failure message="expected [Beetroot] but found [No data]" type="java.lang.AssertionError"><![CDATA[java.lang.AssertionError: expected [Beetroot] but found [No data]
]]></failure>
  </testcase>
</testsuite>